
Nueva Entrada : 04:36:57 p. m. viernes, 10 de abril de 2020
  Consulta: No se puede encontrar una parte de la ruta de acceso 'C:\xampp\htdocs\saityphp\SaityFile\BC2\BC200408005665\676396C91FDF727AF974B19D5390A6C6.png'.
     Error: GenerarEntregablePDF Gen PDF
-------------------------------

Nueva Entrada : 04:37:33 p. m. viernes, 10 de abril de 2020
  Consulta: No se puede encontrar una parte de la ruta de acceso 'C:\xampp\htdocs\saityphp\site\Png\Saity.png'.
     Error: GenerarEntregablePDF Gen PDF
-------------------------------

Nueva Entrada : 04:37:54 p. m. viernes, 10 de abril de 2020
  Consulta: No se puede encontrar una parte de la ruta de acceso 'C:\xampp\htdocs\saityphp\site\Png\Saity.png'.
     Error: GenerarEntregablePDF Gen PDF
-------------------------------

Nueva Entrada : 04:40:50 p. m. viernes, 10 de abril de 2020
  Consulta: No se puede encontrar una parte de la ruta de acceso 'C:\xampp\htdocs\saityphp\SaityFile\BC2\BC200408005665\676396C91FDF727AF974B19D5390A6C6.png'.
     Error: GenerarEntregablePDF Gen PDF
-------------------------------

Nueva Entrada : 04:42:32 p. m. viernes, 10 de abril de 2020
  Consulta: D:/MANGELO/LUIS/BC200408005665.pdf
     Error: GenerarEntregablePDF Path File
-------------------------------
