
Nueva Entrada : 10:16:13 a. m. jueves, 3 de junio de 2021
  Consulta: Registro de sms
     Error: FnRegistrarMensaje
-------------------------------

Nueva Entrada : 10:18:30 a. m. jueves, 3 de junio de 2021
  Consulta: Registro de sms
     Error: FnRegistrarMensaje
-------------------------------

Nueva Entrada : 11:57:42 a. m. jueves, 3 de junio de 2021
  Consulta: Registro de sms
     Error: FnRegistrarMensaje
-------------------------------

Nueva Entrada : 12:00:15 p. m. jueves, 3 de junio de 2021
  Consulta: Registro de sms
     Error: FnRegistrarMensaje
-------------------------------

Nueva Entrada : 12:01:57 p. m. jueves, 3 de junio de 2021
  Consulta: Registro de sms
     Error: FnRegistrarMensaje
-------------------------------

Nueva Entrada : 12:03:50 p. m. jueves, 3 de junio de 2021
  Consulta: Registro de sms
     Error: FnRegistrarMensaje
-------------------------------

Nueva Entrada : 12:06:07 p. m. jueves, 3 de junio de 2021
  Consulta: Registro de sms
     Error: FnRegistrarMensaje
-------------------------------

Nueva Entrada : 12:07:56 p. m. jueves, 3 de junio de 2021
  Consulta: Registro de sms
     Error: FnRegistrarMensaje
-------------------------------

Nueva Entrada : 12:09:30 p. m. jueves, 3 de junio de 2021
  Consulta: Registro de sms
     Error: FnRegistrarMensaje
-------------------------------

Nueva Entrada : 12:12:23 p. m. jueves, 3 de junio de 2021
  Consulta: Registro de sms
     Error: FnRegistrarMensaje
-------------------------------

Nueva Entrada : 01:08:38 p. m. jueves, 3 de junio de 2021
  Consulta: Registro de sms
     Error: FnRegistrarMensaje
-------------------------------

Nueva Entrada : 01:09:11 p. m. jueves, 3 de junio de 2021
  Consulta: Registro de sms
     Error: FnRegistrarMensaje
-------------------------------

Nueva Entrada : 01:13:05 p. m. jueves, 3 de junio de 2021
  Consulta: Registro de sms
     Error: FnRegistrarMensaje
-------------------------------

Nueva Entrada : 01:17:13 p. m. jueves, 3 de junio de 2021
  Consulta: Registro de sms
     Error: FnRegistrarMensaje
-------------------------------

Nueva Entrada : 01:23:50 p. m. jueves, 3 de junio de 2021
  Consulta: Registro de sms
     Error: FnRegistrarMensaje
-------------------------------

Nueva Entrada : 01:26:06 p. m. jueves, 3 de junio de 2021
  Consulta: Registro de sms
     Error: FnRegistrarMensaje
-------------------------------

Nueva Entrada : 01:28:06 p. m. jueves, 3 de junio de 2021
  Consulta: Registro de sms
     Error: FnRegistrarMensaje
-------------------------------

Nueva Entrada : 01:29:39 p. m. jueves, 3 de junio de 2021
  Consulta: Registro de sms
     Error: FnRegistrarMensaje
-------------------------------

Nueva Entrada : 01:29:53 p. m. jueves, 3 de junio de 2021
  Consulta: Registro de sms
     Error: FnRegistrarMensaje
-------------------------------

Nueva Entrada : 01:37:15 p. m. jueves, 3 de junio de 2021
  Consulta: Registro de sms
     Error: FnRegistrarMensaje
-------------------------------

Nueva Entrada : 02:01:58 p. m. jueves, 3 de junio de 2021
  Consulta: Registro de sms
     Error: FnRegistrarMensaje
-------------------------------

Nueva Entrada : 02:05:32 p. m. jueves, 3 de junio de 2021
  Consulta: Registro de sms
     Error: FnRegistrarMensaje
-------------------------------

Nueva Entrada : 02:06:48 p. m. jueves, 3 de junio de 2021
  Consulta: Registro de sms
     Error: FnRegistrarMensaje
-------------------------------

Nueva Entrada : 03:52:03 p. m. jueves, 3 de junio de 2021
  Consulta: Registro de sms
     Error: FnRegistrarMensaje
-------------------------------

Nueva Entrada : 03:56:26 p. m. jueves, 3 de junio de 2021
  Consulta: Registro de sms
     Error: FnRegistrarMensaje
-------------------------------

Nueva Entrada : 03:57:56 p. m. jueves, 3 de junio de 2021
  Consulta: Registro de sms
     Error: FnRegistrarMensaje
-------------------------------

Nueva Entrada : 03:59:03 p. m. jueves, 3 de junio de 2021
  Consulta: Registro de sms
     Error: FnRegistrarMensaje
-------------------------------

Nueva Entrada : 03:59:09 p. m. jueves, 3 de junio de 2021
  Consulta: Registro de sms
     Error: FnRegistrarMensaje
-------------------------------

Nueva Entrada : 04:19:44 p. m. jueves, 3 de junio de 2021
  Consulta: Registro de sms
     Error: FnRegistrarMensaje
-------------------------------

Nueva Entrada : 04:29:45 p. m. jueves, 3 de junio de 2021
  Consulta: Registro de sms
     Error: FnRegistrarMensaje
-------------------------------

Nueva Entrada : 05:08:46 p. m. jueves, 3 de junio de 2021
  Consulta: Registro de sms
     Error: FnRegistrarMensaje
-------------------------------

Nueva Entrada : 05:08:56 p. m. jueves, 3 de junio de 2021
  Consulta: Registro de sms
     Error: FnRegistrarMensaje
-------------------------------

Nueva Entrada : 05:09:21 p. m. jueves, 3 de junio de 2021
  Consulta: Registro de sms
     Error: FnRegistrarMensaje
-------------------------------

Nueva Entrada : 05:16:57 p. m. jueves, 3 de junio de 2021
  Consulta: Registro de sms
     Error: FnRegistrarMensaje
-------------------------------

Nueva Entrada : 05:32:10 p. m. jueves, 3 de junio de 2021
  Consulta: Registro de sms
     Error: FnRegistrarMensaje
-------------------------------
