
Nueva Entrada : 12:24:59 p. m. lunes, 11 de abril de 2022
  Consulta: {"usuario":"admin","password":"F95EE52ED73A4D66F61FB9030B6C987C","idconex":1,"fechora":"220411122456","token":"37AB0EEC0541FCB51B6026D773FCE033","idusuario":0}
     Error: FnValidaUsuario
-------------------------------

Nueva Entrada : 12:25:00 p. m. lunes, 11 de abril de 2022
  Consulta: {"idusuario":1,"idcliente":0,"usuario":"USUARIO ADMINISTRADOR","clientepadre":0,"facultades":[{"key":"mnuGenerales","funcion":"Dashboard","padre":"General"},{"key":"mnuCuenta","funcion":"Mi cuenta","padre":"General"},{"key":"mnuHistorico","funcion":"Mis peticiones","padre":"Request"}],"idClienteEspecifico":0,"estatus":0,"mensaje":"EXITO"}
     Error: FnValidaUsuario
-------------------------------

Nueva Entrada : 12:25:02 p. m. lunes, 11 de abril de 2022
  Consulta: Registro de sms
     Error: FnRegistrarMensaje
-------------------------------

Nueva Entrada : 12:25:22 p. m. lunes, 11 de abril de 2022
  Consulta: Registro de sms
     Error: FnRegistrarMensaje
-------------------------------

Nueva Entrada : 12:34:10 p. m. lunes, 11 de abril de 2022
  Consulta: Registro de sms
     Error: FnRegistrarMensaje
-------------------------------

Nueva Entrada : 12:36:21 p. m. lunes, 11 de abril de 2022
  Consulta: Registro de sms
     Error: FnRegistrarMensaje
-------------------------------

Nueva Entrada : 12:36:51 p. m. lunes, 11 de abril de 2022
  Consulta: Exec PA_EX_GETREQUEST 1, 0, '1/4/2022','11/4/2022'
     Error: Se agotó el tiempo de espera de ejecución. El período de tiempo de espera transcurrió antes de la finalización de la operación o el servidor no responde.
-------------------------------

Nueva Entrada : 12:36:55 p. m. lunes, 11 de abril de 2022
  Consulta: Registro de sms
     Error: FnRegistrarMensaje
-------------------------------

Nueva Entrada : 12:37:25 p. m. lunes, 11 de abril de 2022
  Consulta: Exec PA_EX_GETREQUEST 1, 0, '1/4/2022','11/4/2022'
     Error: Se agotó el tiempo de espera de ejecución. El período de tiempo de espera transcurrió antes de la finalización de la operación o el servidor no responde.
-------------------------------

Nueva Entrada : 12:37:48 p. m. lunes, 11 de abril de 2022
  Consulta: Registro de sms
     Error: FnRegistrarMensaje
-------------------------------

Nueva Entrada : 12:38:18 p. m. lunes, 11 de abril de 2022
  Consulta: Exec PA_EX_GETREQUEST 1, 0, '1/4/2022','11/4/2022'
     Error: Se agotó el tiempo de espera de ejecución. El período de tiempo de espera transcurrió antes de la finalización de la operación o el servidor no responde.
-------------------------------

Nueva Entrada : 12:38:44 p. m. lunes, 11 de abril de 2022
  Consulta: Registro de sms
     Error: FnRegistrarMensaje
-------------------------------

Nueva Entrada : 12:39:14 p. m. lunes, 11 de abril de 2022
  Consulta: Exec PA_EX_GETREQUEST 1, 0, '1/4/2022','11/4/2022'
     Error: Se agotó el tiempo de espera de ejecución. El período de tiempo de espera transcurrió antes de la finalización de la operación o el servidor no responde.
-------------------------------

Nueva Entrada : 12:41:01 p. m. lunes, 11 de abril de 2022
  Consulta: Registro de sms
     Error: FnRegistrarMensaje
-------------------------------

Nueva Entrada : 12:41:31 p. m. lunes, 11 de abril de 2022
  Consulta: Exec PA_EX_GETREQUEST 1, 0, '1/4/2022','11/4/2022'
     Error: Se agotó el tiempo de espera de ejecución. El período de tiempo de espera transcurrió antes de la finalización de la operación o el servidor no responde.
-------------------------------

Nueva Entrada : 12:41:33 p. m. lunes, 11 de abril de 2022
  Consulta: Registro de sms
     Error: FnRegistrarMensaje
-------------------------------

Nueva Entrada : 12:42:03 p. m. lunes, 11 de abril de 2022
  Consulta: Exec PA_EX_GETREQUEST 1, 0, '1/4/2022','11/4/2022'
     Error: Se agotó el tiempo de espera de ejecución. El período de tiempo de espera transcurrió antes de la finalización de la operación o el servidor no responde.
-------------------------------

Nueva Entrada : 12:42:04 p. m. lunes, 11 de abril de 2022
  Consulta: Registro de sms
     Error: FnRegistrarMensaje
-------------------------------

Nueva Entrada : 12:42:34 p. m. lunes, 11 de abril de 2022
  Consulta: Exec PA_EX_GETREQUEST 1, 0, '1/4/2022','11/4/2022'
     Error: Se agotó el tiempo de espera de ejecución. El período de tiempo de espera transcurrió antes de la finalización de la operación o el servidor no responde.
-------------------------------

Nueva Entrada : 12:43:05 p. m. lunes, 11 de abril de 2022
  Consulta: {"usuario":"admin","password":"F95EE52ED73A4D66F61FB9030B6C987C","idconex":1,"fechora":"220411124303","token":"6FF95C053706D7704AC9119A4B82E61B","idusuario":0}
     Error: FnValidaUsuario
-------------------------------

Nueva Entrada : 12:43:05 p. m. lunes, 11 de abril de 2022
  Consulta: {"idusuario":1,"idcliente":0,"usuario":"USUARIO ADMINISTRADOR","clientepadre":0,"facultades":[{"key":"mnuGenerales","funcion":"Dashboard","padre":"General"},{"key":"mnuCuenta","funcion":"Mi cuenta","padre":"General"},{"key":"mnuHistorico","funcion":"Mis peticiones","padre":"Request"}],"idClienteEspecifico":0,"estatus":0,"mensaje":"EXITO"}
     Error: FnValidaUsuario
-------------------------------

Nueva Entrada : 12:43:07 p. m. lunes, 11 de abril de 2022
  Consulta: Registro de sms
     Error: FnRegistrarMensaje
-------------------------------

Nueva Entrada : 12:43:42 p. m. lunes, 11 de abril de 2022
  Consulta: Registro de sms
     Error: FnRegistrarMensaje
-------------------------------

Nueva Entrada : 12:44:12 p. m. lunes, 11 de abril de 2022
  Consulta: Exec PA_EX_GETREQUEST 1, 0, '1/4/2022','11/4/2022'
     Error: Se agotó el tiempo de espera de ejecución. El período de tiempo de espera transcurrió antes de la finalización de la operación o el servidor no responde.
-------------------------------

Nueva Entrada : 12:44:49 p. m. lunes, 11 de abril de 2022
  Consulta: Registro de sms
     Error: FnRegistrarMensaje
-------------------------------

Nueva Entrada : 12:53:31 p. m. lunes, 11 de abril de 2022
  Consulta: Registro de sms
     Error: FnRegistrarMensaje
-------------------------------

Nueva Entrada : 12:53:39 p. m. lunes, 11 de abril de 2022
  Consulta: Registro de sms
     Error: FnRegistrarMensaje
-------------------------------

Nueva Entrada : 12:53:49 p. m. lunes, 11 de abril de 2022
  Consulta: Registro de sms
     Error: FnRegistrarMensaje
-------------------------------

Nueva Entrada : 12:53:56 p. m. lunes, 11 de abril de 2022
  Consulta: Registro de sms
     Error: FnRegistrarMensaje
-------------------------------

Nueva Entrada : 12:54:20 p. m. lunes, 11 de abril de 2022
  Consulta: Registro de sms
     Error: FnRegistrarMensaje
-------------------------------

Nueva Entrada : 12:54:37 p. m. lunes, 11 de abril de 2022
  Consulta: Registro de sms
     Error: FnRegistrarMensaje
-------------------------------

Nueva Entrada : 12:55:12 p. m. lunes, 11 de abril de 2022
  Consulta: {"usuario":"admin","password":"F95EE52ED73A4D66F61FB9030B6C987C","idconex":1,"fechora":"220411125510","token":"B0660D84E1F48D9525A3E1AB897C3D7B","idusuario":0}
     Error: FnValidaUsuario
-------------------------------

Nueva Entrada : 12:55:12 p. m. lunes, 11 de abril de 2022
  Consulta: {"idusuario":1,"idcliente":0,"usuario":"USUARIO ADMINISTRADOR","clientepadre":0,"facultades":[{"key":"mnuGenerales","funcion":"Dashboard","padre":"General"},{"key":"mnuCuenta","funcion":"Mi cuenta","padre":"General"},{"key":"mnuHistorico","funcion":"Mis peticiones","padre":"Request"}],"idClienteEspecifico":0,"estatus":0,"mensaje":"EXITO"}
     Error: FnValidaUsuario
-------------------------------

Nueva Entrada : 12:55:13 p. m. lunes, 11 de abril de 2022
  Consulta: Registro de sms
     Error: FnRegistrarMensaje
-------------------------------

Nueva Entrada : 12:55:31 p. m. lunes, 11 de abril de 2022
  Consulta: Registro de sms
     Error: FnRegistrarMensaje
-------------------------------

Nueva Entrada : 12:55:37 p. m. lunes, 11 de abril de 2022
  Consulta: Registro de sms
     Error: FnRegistrarMensaje
-------------------------------

Nueva Entrada : 12:56:08 p. m. lunes, 11 de abril de 2022
  Consulta: Registro de sms
     Error: FnRegistrarMensaje
-------------------------------

Nueva Entrada : 12:57:18 p. m. lunes, 11 de abril de 2022
  Consulta: Registro de sms
     Error: FnRegistrarMensaje
-------------------------------

Nueva Entrada : 12:58:17 p. m. lunes, 11 de abril de 2022
  Consulta: Registro de sms
     Error: FnRegistrarMensaje
-------------------------------

Nueva Entrada : 12:59:55 p. m. lunes, 11 de abril de 2022
  Consulta: Registro de sms
     Error: FnRegistrarMensaje
-------------------------------

Nueva Entrada : 01:00:25 p. m. lunes, 11 de abril de 2022
  Consulta: Exec PA_EX_GETREQUEST 1, 0, '2021-01-01','2022-03-11'
     Error: Se agotó el tiempo de espera de ejecución. El período de tiempo de espera transcurrió antes de la finalización de la operación o el servidor no responde.
-------------------------------

Nueva Entrada : 01:00:27 p. m. lunes, 11 de abril de 2022
  Consulta: Registro de sms
     Error: FnRegistrarMensaje
-------------------------------

Nueva Entrada : 01:05:41 p. m. lunes, 11 de abril de 2022
  Consulta: Registro de sms
     Error: FnRegistrarMensaje
-------------------------------

Nueva Entrada : 01:13:00 p. m. lunes, 11 de abril de 2022
  Consulta: Registro de sms
     Error: FnRegistrarMensaje
-------------------------------

Nueva Entrada : 01:13:30 p. m. lunes, 11 de abril de 2022
  Consulta: Exec PA_EX_GETREQUEST 1, 0, '2022-04-01','2022-04-11'
     Error: Se agotó el tiempo de espera de ejecución. El período de tiempo de espera transcurrió antes de la finalización de la operación o el servidor no responde.
-------------------------------

Nueva Entrada : 01:13:49 p. m. lunes, 11 de abril de 2022
  Consulta: Registro de sms
     Error: FnRegistrarMensaje
-------------------------------

Nueva Entrada : 01:21:04 p. m. lunes, 11 de abril de 2022
  Consulta: {"usuario":"admin","password":"F95EE52ED73A4D66F61FB9030B6C987C","idconex":1,"fechora":"220411132054","token":"9E242A000DDDA59DC5428D433E798B0F","idusuario":0}
     Error: FnValidaUsuario
-------------------------------

Nueva Entrada : 01:21:04 p. m. lunes, 11 de abril de 2022
  Consulta: {"idusuario":1,"idcliente":0,"usuario":"USUARIO ADMINISTRADOR","clientepadre":0,"facultades":[{"key":"mnuGenerales","funcion":"Dashboard","padre":"General"},{"key":"mnuCuenta","funcion":"Mi cuenta","padre":"General"},{"key":"mnuHistorico","funcion":"CEPS","padre":"Request"}],"idClienteEspecifico":0,"estatus":0,"mensaje":"EXITO"}
     Error: FnValidaUsuario
-------------------------------

Nueva Entrada : 01:21:08 p. m. lunes, 11 de abril de 2022
  Consulta: Registro de sms
     Error: FnRegistrarMensaje
-------------------------------

Nueva Entrada : 01:21:22 p. m. lunes, 11 de abril de 2022
  Consulta: Registro de sms
     Error: FnRegistrarMensaje
-------------------------------

Nueva Entrada : 01:21:29 p. m. lunes, 11 de abril de 2022
  Consulta: Registro de sms
     Error: FnRegistrarMensaje
-------------------------------

Nueva Entrada : 01:21:59 p. m. lunes, 11 de abril de 2022
  Consulta: Exec PA_EX_GETREQUEST 1, 0, '2022-04-01','2022-04-11'
     Error: Se agotó el tiempo de espera de ejecución. El período de tiempo de espera transcurrió antes de la finalización de la operación o el servidor no responde.
-------------------------------

Nueva Entrada : 03:24:22 p. m. lunes, 11 de abril de 2022
  Consulta: Registro de sms
     Error: FnRegistrarMensaje
-------------------------------

Nueva Entrada : 03:27:16 p. m. lunes, 11 de abril de 2022
  Consulta: {"usuario":"admin","password":"F95EE52ED73A4D66F61FB9030B6C987C","idconex":1,"fechora":"220411152621","token":"D3B2ECB93C8A7B50662B9983F2BFCED7","idusuario":0}
     Error: FnValidaUsuario
-------------------------------

Nueva Entrada : 03:27:16 p. m. lunes, 11 de abril de 2022
  Consulta: {"idusuario":1,"idcliente":0,"usuario":"USUARIO ADMINISTRADOR","clientepadre":0,"facultades":[{"key":"mnuGenerales","funcion":"Dashboard","padre":"General"},{"key":"mnuCuenta","funcion":"Mi cuenta","padre":"General"},{"key":"mnuHistorico","funcion":"CEPS","padre":"Request"}],"idClienteEspecifico":0,"estatus":0,"mensaje":"EXITO"}
     Error: FnValidaUsuario
-------------------------------

Nueva Entrada : 03:27:17 p. m. lunes, 11 de abril de 2022
  Consulta: Registro de sms
     Error: FnRegistrarMensaje
-------------------------------

Nueva Entrada : 03:27:17 p. m. lunes, 11 de abril de 2022
  Consulta: Registro de sms
     Error: FnRegistrarMensaje
-------------------------------

Nueva Entrada : 10:24:47 p. m. lunes, 11 de abril de 2022
  Consulta: {"usuario":"admin","password":"F95EE52ED73A4D66F61FB9030B6C987C","idconex":1,"fechora":"220411222446","token":"55B308C838B9BE1F2DA644C3B0235EA7","idusuario":0}
     Error: FnValidaUsuario
-------------------------------

Nueva Entrada : 10:24:48 p. m. lunes, 11 de abril de 2022
  Consulta: {"idusuario":1,"idcliente":0,"usuario":"USUARIO ADMINISTRADOR","clientepadre":0,"facultades":[{"key":"mnuGenerales","funcion":"Dashboard","padre":"General"},{"key":"mnuCuenta","funcion":"Mi cuenta","padre":"General"},{"key":"mnuRfcCalculate","funcion":"Caluculadora RFC","padre":"Request"},{"key":"mnuHistorico","funcion":"CEPS","padre":"Request"},{"key":"mnuIneExtractorData","funcion":"Extracción datos Ine","padre":"Request"},{"key":"mnuPassportExtractData","funcion":"Extracción datos Pasaporte","padre":"Request"},{"key":"mnuRekognition","funcion":"Reconocimiento facial","padre":"Request"},{"key":"mnuValidityCurp","funcion":"Validación de Curp","padre":"Request"},{"key":"mnuValidityIne","funcion":"Validación Ine","padre":"Request"},{"key":"mnuValidityPassport","funcion":"Validación Pasaporte","padre":"Request"}],"idClienteEspecifico":0,"estatus":0,"mensaje":"EXITO"}
     Error: FnValidaUsuario
-------------------------------

Nueva Entrada : 10:24:49 p. m. lunes, 11 de abril de 2022
  Consulta: Registro de sms
     Error: FnRegistrarMensaje
-------------------------------

Nueva Entrada : 10:24:49 p. m. lunes, 11 de abril de 2022
  Consulta: Registro de sms
     Error: FnRegistrarMensaje
-------------------------------

Nueva Entrada : 10:40:46 p. m. lunes, 11 de abril de 2022
  Consulta: Registro de sms
     Error: FnRegistrarMensaje
-------------------------------

Nueva Entrada : 10:40:46 p. m. lunes, 11 de abril de 2022
  Consulta: Registro de sms
     Error: FnRegistrarMensaje
-------------------------------

Nueva Entrada : 10:44:54 p. m. lunes, 11 de abril de 2022
  Consulta: Registro de sms
     Error: FnRegistrarMensaje
-------------------------------

Nueva Entrada : 10:45:02 p. m. lunes, 11 de abril de 2022
  Consulta: Registro de sms
     Error: FnRegistrarMensaje
-------------------------------

Nueva Entrada : 10:45:23 p. m. lunes, 11 de abril de 2022
  Consulta: Registro de sms
     Error: FnRegistrarMensaje
-------------------------------

Nueva Entrada : 10:45:42 p. m. lunes, 11 de abril de 2022
  Consulta: Registro de sms
     Error: FnRegistrarMensaje
-------------------------------

Nueva Entrada : 10:49:52 p. m. lunes, 11 de abril de 2022
  Consulta: Registro de sms
     Error: FnRegistrarMensaje
-------------------------------

Nueva Entrada : 10:50:14 p. m. lunes, 11 de abril de 2022
  Consulta: Registro de sms
     Error: FnRegistrarMensaje
-------------------------------

Nueva Entrada : 10:50:27 p. m. lunes, 11 de abril de 2022
  Consulta: Registro de sms
     Error: FnRegistrarMensaje
-------------------------------

Nueva Entrada : 10:50:42 p. m. lunes, 11 de abril de 2022
  Consulta: Registro de sms
     Error: FnRegistrarMensaje
-------------------------------

Nueva Entrada : 10:50:48 p. m. lunes, 11 de abril de 2022
  Consulta: Registro de sms
     Error: FnRegistrarMensaje
-------------------------------

Nueva Entrada : 10:51:03 p. m. lunes, 11 de abril de 2022
  Consulta: Registro de sms
     Error: FnRegistrarMensaje
-------------------------------
